\BOOKMARK [0][-]{chapter.1}{\376\377\000W\000h\000a\000t\000\040\000A\000I\000\040\000A\000c\000t\000u\000a\000l\000l\000y\000\040\000I\000s\000\040\000\050\000A\000n\000d\000\040\000I\000s\000n\000'\000t\000\051}{}% 1
\BOOKMARK [1][-]{section.1.1}{\376\377\000T\000h\000e\000\040\000C\000r\000u\000x}{chapter.1}% 2
\BOOKMARK [1][-]{section.1.2}{\376\377\000T\000h\000e\000\040\000P\000r\000o\000b\000l\000e\000m\000:\000\040\000E\000v\000e\000r\000y\000o\000n\000e\000'\000s\000\040\000C\000o\000n\000f\000u\000s\000e\000d}{chapter.1}% 3
\BOOKMARK [1][-]{section.1.3}{\376\377\000A\000I\000\040\000a\000s\000\040\000O\000p\000t\000i\000m\000i\000z\000a\000t\000i\000o\000n\000,\000\040\000N\000o\000t\000\040\000I\000n\000t\000e\000l\000l\000i\000g\000e\000n\000c\000e}{chapter.1}% 4
\BOOKMARK [2][-]{subsection.1.3.1}{\376\377\000A\000\040\000M\000e\000n\000t\000a\000l\000\040\000M\000o\000d\000e\000l\000:\000\040\000T\000h\000e\000\040\000R\000e\000s\000t\000a\000u\000r\000a\000n\000t\000\040\000A\000n\000a\000l\000o\000g\000y}{section.1.3}% 5
\BOOKMARK [1][-]{section.1.4}{\376\377\000W\000h\000y\000\040\000`\000`\000L\000e\000a\000r\000n\000i\000n\000g\000'\000'\000\040\000I\000s\000\040\000a\000\040\000M\000i\000s\000l\000e\000a\000d\000i\000n\000g\000\040\000W\000o\000r\000d}{chapter.1}% 6
\BOOKMARK [1][-]{section.1.5}{\376\377\000H\000i\000s\000t\000o\000r\000i\000c\000a\000l\000\040\000F\000a\000i\000l\000u\000r\000e\000s\000\040\000a\000n\000d\000\040\000H\000y\000p\000e\000\040\000C\000y\000c\000l\000e\000s}{chapter.1}% 7
\BOOKMARK [2][-]{subsection.1.5.1}{\376\377\000T\000h\000e\000\040\0001\0009\0006\0000\000s\000:\000\040\000`\000`\000I\000n\000\040\000a\000\040\000g\000e\000n\000e\000r\000a\000t\000i\000o\000n\000,\000\040\000A\000I\000\040\000w\000i\000l\000l\000\040\000s\000o\000l\000v\000e\000\040\000i\000n\000t\000e\000l\000l\000i\000g\000e\000n\000c\000e\000'\000'}{section.1.5}% 8
\BOOKMARK [2][-]{subsection.1.5.2}{\376\377\000T\000h\000e\000\040\0001\0009\0008\0000\000s\000:\000\040\000`\000`\000E\000x\000p\000e\000r\000t\000\040\000S\000y\000s\000t\000e\000m\000s\000\040\000W\000i\000l\000l\000\040\000A\000u\000t\000o\000m\000a\000t\000e\000\040\000E\000v\000e\000r\000y\000t\000h\000i\000n\000g\000'\000'}{section.1.5}% 9
\BOOKMARK [2][-]{subsection.1.5.3}{\376\377\000T\000h\000e\000\040\0002\0000\0001\0000\000s\000:\000\040\000`\000`\000D\000e\000e\000p\000\040\000L\000e\000a\000r\000n\000i\000n\000g\000\040\000S\000o\000l\000v\000e\000s\000\040\000E\000v\000e\000r\000y\000t\000h\000i\000n\000g\000'\000'}{section.1.5}% 10
\BOOKMARK [1][-]{section.1.6}{\376\377\000W\000a\000r\000\040\000S\000t\000o\000r\000y\000:\000\040\000T\000h\000e\000\040\000H\000u\000s\000k\000y\000-\000W\000o\000l\000f\000\040\000C\000l\000a\000s\000s\000i\000f\000i\000e\000r}{chapter.1}% 11
\BOOKMARK [1][-]{section.1.7}{\376\377\000A\000n\000o\000t\000h\000e\000r\000\040\000W\000a\000r\000\040\000S\000t\000o\000r\000y\000:\000\040\000A\000m\000a\000z\000o\000n\000'\000s\000\040\000H\000i\000r\000i\000n\000g\000\040\000A\000I}{chapter.1}% 12
\BOOKMARK [1][-]{section.1.8}{\376\377\000T\000h\000i\000n\000g\000s\000\040\000T\000h\000a\000t\000\040\000W\000i\000l\000l\000\040\000C\000o\000n\000f\000u\000s\000e\000\040\000Y\000o\000u}{chapter.1}% 13
\BOOKMARK [2][-]{subsection.1.8.1}{\376\377\000`\000`\000B\000u\000t\000\040\000i\000t\000\040\000s\000e\000e\000m\000s\000\040\000s\000o\000\040\000s\000m\000a\000r\000t\000!\000'\000'}{section.1.8}% 14
\BOOKMARK [2][-]{subsection.1.8.2}{\376\377\000`\000`\000C\000a\000n\000'\000t\000\040\000w\000e\000\040\000j\000u\000s\000t\000\040\000a\000d\000d\000\040\000m\000o\000r\000e\000\040\000d\000a\000t\000a\000/\000p\000a\000r\000a\000m\000e\000t\000e\000r\000s\000?\000'\000'}{section.1.8}% 15
\BOOKMARK [2][-]{subsection.1.8.3}{\376\377\000`\000`\000W\000h\000a\000t\000\040\000a\000b\000o\000u\000t\000\040\000A\000G\000I\000?\000'\000'}{section.1.8}% 16
\BOOKMARK [1][-]{section.1.9}{\376\377\000C\000o\000m\000m\000o\000n\000\040\000T\000r\000a\000p\000s}{chapter.1}% 17
\BOOKMARK [1][-]{section.1.10}{\376\377\000P\000r\000o\000d\000u\000c\000t\000i\000o\000n\000\040\000R\000e\000a\000l\000i\000t\000y\000\040\000C\000h\000e\000c\000k}{chapter.1}% 18
\BOOKMARK [1][-]{section.1.11}{\376\377\000B\000u\000i\000l\000d\000\040\000T\000h\000i\000s\000\040\000M\000i\000n\000i\000\040\000P\000r\000o\000j\000e\000c\000t}{chapter.1}% 19
\BOOKMARK [0][-]{chapter.2}{\376\377\000P\000y\000t\000h\000o\000n\000\040\000\046\000\040\000D\000a\000t\000a\000:\000\040\000T\000h\000e\000\040\000U\000n\000s\000e\000x\000y\000\040\000F\000o\000u\000n\000d\000a\000t\000i\000o\000n}{}% 20
\BOOKMARK [1][-]{section.2.1}{\376\377\000T\000h\000e\000\040\000C\000r\000u\000x}{chapter.2}% 21
\BOOKMARK [1][-]{section.2.2}{\376\377\000W\000h\000y\000\040\000P\000y\000t\000h\000o\000n\000\040\000W\000o\000n\000\040\000\050\000A\000n\000d\000\040\000W\000h\000y\000\040\000I\000t\000'\000s\000\040\000I\000m\000p\000e\000r\000f\000e\000c\000t\000\051}{chapter.2}% 22
\BOOKMARK [2][-]{subsection.2.2.1}{\376\377\000T\000h\000e\000\040\000R\000e\000a\000l\000\040\000R\000e\000a\000s\000o\000n\000s}{section.2.2}% 23
\BOOKMARK [2][-]{subsection.2.2.2}{\376\377\000T\000h\000e\000\040\000D\000o\000w\000n\000s\000i\000d\000e\000s\000\040\000N\000o\000b\000o\000d\000y\000\040\000T\000a\000l\000k\000s\000\040\000A\000b\000o\000u\000t}{section.2.2}% 24
\BOOKMARK [1][-]{section.2.3}{\376\377\000D\000a\000t\000a\000\040\000a\000s\000\040\000t\000h\000e\000\040\000R\000e\000a\000l\000\040\000B\000o\000t\000t\000l\000e\000n\000e\000c\000k}{chapter.2}% 25
\BOOKMARK [2][-]{subsection.2.3.1}{\376\377\000T\000h\000e\000\040\000D\000a\000t\000a\000\040\000R\000e\000a\000l\000i\000t\000y}{section.2.3}% 26
\BOOKMARK [2][-]{subsection.2.3.2}{\376\377\000W\000h\000y\000\040\000D\000a\000t\000a\000\040\000I\000s\000\040\000H\000a\000r\000d}{section.2.3}% 27
\BOOKMARK [1][-]{section.2.4}{\376\377\000S\000i\000l\000e\000n\000t\000\040\000D\000a\000t\000a\000\040\000B\000u\000g\000s\000\040\000T\000h\000a\000t\000\040\000R\000u\000i\000n\000\040\000M\000o\000d\000e\000l\000s}{chapter.2}% 28
\BOOKMARK [2][-]{subsection.2.4.1}{\376\377\000B\000u\000g\000\040\000\043\0001\000:\000\040\000L\000a\000b\000e\000l\000\040\000L\000e\000a\000k\000a\000g\000e}{section.2.4}% 29
\BOOKMARK [2][-]{subsection.2.4.2}{\376\377\000B\000u\000g\000\040\000\043\0002\000:\000\040\000T\000r\000a\000i\000n\000i\000n\000g\000/\000T\000e\000s\000t\000\040\000C\000o\000n\000t\000a\000m\000i\000n\000a\000t\000i\000o\000n}{section.2.4}% 30
\BOOKMARK [2][-]{subsection.2.4.3}{\376\377\000B\000u\000g\000\040\000\043\0003\000:\000\040\000S\000k\000e\000w\000e\000d\000\040\000C\000l\000a\000s\000s\000\040\000D\000i\000s\000t\000r\000i\000b\000u\000t\000i\000o\000n\000s}{section.2.4}% 31
\BOOKMARK [2][-]{subsection.2.4.4}{\376\377\000B\000u\000g\000\040\000\043\0004\000:\000\040\000S\000u\000r\000v\000i\000v\000o\000r\000s\000h\000i\000p\000\040\000B\000i\000a\000s}{section.2.4}% 32
\BOOKMARK [2][-]{subsection.2.4.5}{\376\377\000B\000u\000g\000\040\000\043\0005\000:\000\040\000E\000n\000c\000o\000d\000i\000n\000g\000\040\000E\000r\000r\000o\000r\000s}{section.2.4}% 33
\BOOKMARK [1][-]{section.2.5}{\376\377\000W\000a\000r\000\040\000S\000t\000o\000r\000y\000:\000\040\000T\000h\000e\000\040\000M\000o\000d\000e\000l\000\040\000T\000h\000a\000t\000\040\000P\000e\000r\000f\000o\000r\000m\000e\000d\000\040\000W\000e\000l\000l\000\040\000b\000u\000t\000\040\000W\000a\000s\000\040\000T\000r\000a\000i\000n\000e\000d\000\040\000o\000n\000\040\000B\000r\000o\000k\000e\000n\000\040\000L\000a\000b\000e\000l\000s}{chapter.2}% 34
\BOOKMARK [1][-]{section.2.6}{\376\377\000T\000h\000i\000n\000g\000s\000\040\000T\000h\000a\000t\000\040\000W\000i\000l\000l\000\040\000C\000o\000n\000f\000u\000s\000e\000\040\000Y\000o\000u}{chapter.2}% 35
\BOOKMARK [2][-]{subsection.2.6.1}{\376\377\000`\000`\000M\000o\000r\000e\000\040\000d\000a\000t\000a\000\040\000i\000s\000\040\000a\000l\000w\000a\000y\000s\000\040\000b\000e\000t\000t\000e\000r\000'\000'}{section.2.6}% 36
\BOOKMARK [2][-]{subsection.2.6.2}{\376\377\000`\000`\000J\000u\000s\000t\000\040\000t\000h\000r\000o\000w\000\040\000i\000t\000\040\000i\000n\000\040\000a\000\040\000n\000e\000u\000r\000a\000l\000\040\000n\000e\000t\000w\000o\000r\000k\000,\000\040\000i\000t\000'\000l\000l\000\040\000f\000i\000g\000u\000r\000e\000\040\000i\000t\000\040\000o\000u\000t\000'\000'}{section.2.6}% 37
\BOOKMARK [2][-]{subsection.2.6.3}{\376\377\000`\000`\000W\000e\000'\000l\000l\000\040\000c\000l\000e\000a\000n\000\040\000t\000h\000e\000\040\000d\000a\000t\000a\000\040\000a\000f\000t\000e\000r\000\040\000w\000e\000\040\000s\000e\000e\000\040\000i\000f\000\040\000t\000h\000e\000\040\000m\000o\000d\000e\000l\000\040\000w\000o\000r\000k\000s\000'\000'}{section.2.6}% 38
\BOOKMARK [1][-]{section.2.7}{\376\377\000C\000o\000m\000m\000o\000n\000\040\000T\000r\000a\000p\000s}{chapter.2}% 39
\BOOKMARK [1][-]{section.2.8}{\376\377\000P\000r\000o\000d\000u\000c\000t\000i\000o\000n\000\040\000R\000e\000a\000l\000i\000t\000y\000\040\000C\000h\000e\000c\000k}{chapter.2}% 40
\BOOKMARK [1][-]{section.2.9}{\376\377\000B\000u\000i\000l\000d\000\040\000T\000h\000i\000s\000\040\000M\000i\000n\000i\000\040\000P\000r\000o\000j\000e\000c\000t}{chapter.2}% 41
\BOOKMARK [0][-]{chapter.3}{\376\377\000M\000a\000t\000h\000\040\000Y\000o\000u\000\040\000C\000a\000n\000'\000t\000\040\000E\000s\000c\000a\000p\000e\000\040\000\050\000B\000u\000t\000\040\000C\000a\000n\000\040\000T\000a\000m\000e\000\051}{}% 42
\BOOKMARK [1][-]{section.3.1}{\376\377\000T\000h\000e\000\040\000C\000r\000u\000x}{chapter.3}% 43
\BOOKMARK [1][-]{section.3.2}{\376\377\000T\000h\000e\000\040\000M\000a\000t\000h\000\040\000Y\000o\000u\000\040\000A\000c\000t\000u\000a\000l\000l\000y\000\040\000N\000e\000e\000d}{chapter.3}% 44
\BOOKMARK [1][-]{section.3.3}{\376\377\000L\000i\000n\000e\000a\000r\000\040\000A\000l\000g\000e\000b\000r\000a\000\040\000a\000s\000\040\000G\000e\000o\000m\000e\000t\000r\000y}{chapter.3}% 45
\BOOKMARK [2][-]{subsection.3.3.1}{\376\377\000V\000e\000c\000t\000o\000r\000s\000:\000\040\000P\000o\000i\000n\000t\000s\000\040\000i\000n\000\040\000S\000p\000a\000c\000e}{section.3.3}% 46
\BOOKMARK [2][-]{subsection.3.3.2}{\376\377\000D\000o\000t\000\040\000P\000r\000o\000d\000u\000c\000t\000:\000\040\000M\000e\000a\000s\000u\000r\000i\000n\000g\000\040\000S\000i\000m\000i\000l\000a\000r\000i\000t\000y}{section.3.3}% 47
\BOOKMARK [2][-]{subsection.3.3.3}{\376\377\000M\000a\000t\000r\000i\000c\000e\000s\000:\000\040\000T\000r\000a\000n\000s\000f\000o\000r\000m\000a\000t\000i\000o\000n\000s}{section.3.3}% 48
\BOOKMARK [2][-]{subsection.3.3.4}{\376\377\000W\000h\000y\000\040\000T\000h\000i\000s\000\040\000M\000a\000t\000t\000e\000r\000s}{section.3.3}% 49
\BOOKMARK [1][-]{section.3.4}{\376\377\000P\000r\000o\000b\000a\000b\000i\000l\000i\000t\000y\000\040\000a\000s\000\040\000U\000n\000c\000e\000r\000t\000a\000i\000n\000t\000y\000\040\000M\000a\000n\000a\000g\000e\000m\000e\000n\000t}{chapter.3}% 50
\BOOKMARK [2][-]{subsection.3.4.1}{\376\377\000D\000i\000s\000t\000r\000i\000b\000u\000t\000i\000o\000n\000s\000:\000\040\000D\000e\000s\000c\000r\000i\000b\000i\000n\000g\000\040\000U\000n\000c\000e\000r\000t\000a\000i\000n\000t\000y}{section.3.4}% 51
\BOOKMARK [2][-]{subsection.3.4.2}{\376\377\000E\000x\000p\000e\000c\000t\000a\000t\000i\000o\000n\000:\000\040\000T\000h\000e\000\040\000A\000v\000e\000r\000a\000g\000e\000\040\000O\000u\000t\000c\000o\000m\000e}{section.3.4}% 52
\BOOKMARK [2][-]{subsection.3.4.3}{\376\377\000B\000a\000y\000e\000s\000'\000\040\000R\000u\000l\000e\000:\000\040\000F\000l\000i\000p\000p\000i\000n\000g\000\040\000t\000h\000e\000\040\000Q\000u\000e\000s\000t\000i\000o\000n}{section.3.4}% 53
\BOOKMARK [2][-]{subsection.3.4.4}{\376\377\000C\000o\000m\000m\000o\000n\000\040\000M\000i\000s\000c\000o\000n\000c\000e\000p\000t\000i\000o\000n\000:\000\040\000`\000`\000I\000'\000l\000l\000\040\000L\000e\000a\000r\000n\000\040\000P\000r\000o\000b\000a\000b\000i\000l\000i\000t\000y\000\040\000L\000a\000t\000e\000r\000'\000'}{section.3.4}% 54
\BOOKMARK [1][-]{section.3.5}{\376\377\000I\000n\000f\000o\000r\000m\000a\000t\000i\000o\000n\000\040\000T\000h\000e\000o\000r\000y\000:\000\040\000T\000h\000e\000\040\000M\000a\000t\000h\000\040\000B\000e\000h\000i\000n\000d\000\040\000L\000o\000s\000s\000\040\000F\000u\000n\000c\000t\000i\000o\000n\000s}{chapter.3}% 55
\BOOKMARK [2][-]{subsection.3.5.1}{\376\377\000E\000n\000t\000r\000o\000p\000y\000:\000\040\000M\000e\000a\000s\000u\000r\000i\000n\000g\000\040\000U\000n\000c\000e\000r\000t\000a\000i\000n\000t\000y}{section.3.5}% 56
\BOOKMARK [2][-]{subsection.3.5.2}{\376\377\000C\000r\000o\000s\000s\000-\000E\000n\000t\000r\000o\000p\000y\000:\000\040\000C\000o\000m\000p\000a\000r\000i\000n\000g\000\040\000D\000i\000s\000t\000r\000i\000b\000u\000t\000i\000o\000n\000s}{section.3.5}% 57
\BOOKMARK [2][-]{subsection.3.5.3}{\376\377\000K\000L\000\040\000D\000i\000v\000e\000r\000g\000e\000n\000c\000e\000:\000\040\000T\000h\000e\000\040\000D\000i\000s\000t\000a\000n\000c\000e\000\040\000B\000e\000t\000w\000e\000e\000n\000\040\000D\000i\000s\000t\000r\000i\000b\000u\000t\000i\000o\000n\000s}{section.3.5}% 58
\BOOKMARK [2][-]{subsection.3.5.4}{\376\377\000W\000h\000y\000\040\000C\000r\000o\000s\000s\000-\000E\000n\000t\000r\000o\000p\000y\000\040\000L\000o\000s\000s\000\040\000W\000o\000r\000k\000s\000:\000\040\000T\000h\000e\000\040\000M\000a\000t\000h\000e\000m\000a\000t\000i\000c\000a\000l\000\040\000C\000o\000n\000n\000e\000c\000t\000i\000o\000n}{section.3.5}% 59
\BOOKMARK [2][-]{subsection.3.5.5}{\376\377\000B\000i\000n\000a\000r\000y\000\040\000C\000r\000o\000s\000s\000-\000E\000n\000t\000r\000o\000p\000y\000:\000\040\000T\000h\000e\000\040\000S\000p\000e\000c\000i\000a\000l\000\040\000C\000a\000s\000e}{section.3.5}% 60
\BOOKMARK [2][-]{subsection.3.5.6}{\376\377\000M\000e\000a\000n\000\040\000S\000q\000u\000a\000r\000e\000d\000\040\000E\000r\000r\000o\000r\000:\000\040\000A\000n\000\040\000I\000n\000f\000o\000r\000m\000a\000t\000i\000o\000n\000-\000T\000h\000e\000o\000r\000e\000t\000i\000c\000\040\000V\000i\000e\000w}{section.3.5}% 61
\BOOKMARK [2][-]{subsection.3.5.7}{\376\377\000M\000u\000t\000u\000a\000l\000\040\000I\000n\000f\000o\000r\000m\000a\000t\000i\000o\000n\000:\000\040\000M\000e\000a\000s\000u\000r\000i\000n\000g\000\040\000D\000e\000p\000e\000n\000d\000e\000n\000c\000e}{section.3.5}% 62
\BOOKMARK [2][-]{subsection.3.5.8}{\376\377\000S\000u\000m\000m\000a\000r\000y\000:\000\040\000I\000n\000f\000o\000r\000m\000a\000t\000i\000o\000n\000\040\000T\000h\000e\000o\000r\000y\000\040\000C\000h\000e\000a\000t\000\040\000S\000h\000e\000e\000t}{section.3.5}% 63
\BOOKMARK [1][-]{section.3.6}{\376\377\000G\000r\000a\000d\000i\000e\000n\000t\000s\000\040\000a\000s\000\040\000`\000`\000H\000o\000w\000\040\000W\000r\000o\000n\000g\000\040\000A\000m\000\040\000I\000?\000'\000'}{chapter.3}% 64
\BOOKMARK [2][-]{subsection.3.6.1}{\376\377\000D\000e\000r\000i\000v\000a\000t\000i\000v\000e\000s\000:\000\040\000R\000a\000t\000e\000\040\000o\000f\000\040\000C\000h\000a\000n\000g\000e}{section.3.6}% 65
\BOOKMARK [2][-]{subsection.3.6.2}{\376\377\000G\000r\000a\000d\000i\000e\000n\000t\000s\000:\000\040\000D\000e\000r\000i\000v\000a\000t\000i\000v\000e\000s\000\040\000i\000n\000\040\000H\000i\000g\000h\000\040\000D\000i\000m\000e\000n\000s\000i\000o\000n\000s}{section.3.6}% 66
\BOOKMARK [2][-]{subsection.3.6.3}{\376\377\000T\000h\000e\000\040\000C\000h\000a\000i\000n\000\040\000R\000u\000l\000e\000:\000\040\000W\000h\000y\000\040\000D\000e\000e\000p\000\040\000L\000e\000a\000r\000n\000i\000n\000g\000\040\000W\000o\000r\000k\000s}{section.3.6}% 67
\BOOKMARK [2][-]{subsection.3.6.4}{\376\377\000A\000n\000\040\000I\000n\000t\000u\000i\000t\000i\000o\000n\000\040\000f\000o\000r\000\040\000B\000a\000c\000k\000p\000r\000o\000p}{section.3.6}% 68
\BOOKMARK [1][-]{section.3.7}{\376\377\000W\000a\000r\000\040\000S\000t\000o\000r\000y\000:\000\040\000G\000r\000a\000d\000i\000e\000n\000t\000\040\000E\000x\000p\000l\000o\000s\000i\000o\000n\000/\000V\000a\000n\000i\000s\000h\000i\000n\000g\000\040\000R\000u\000i\000n\000i\000n\000g\000\040\000T\000r\000a\000i\000n\000i\000n\000g}{chapter.3}% 69
\BOOKMARK [1][-]{section.3.8}{\376\377\000T\000h\000i\000n\000g\000s\000\040\000T\000h\000a\000t\000\040\000W\000i\000l\000l\000\040\000C\000o\000n\000f\000u\000s\000e\000\040\000Y\000o\000u}{chapter.3}% 70
\BOOKMARK [2][-]{subsection.3.8.1}{\376\377\000`\000`\000I\000\040\000c\000a\000n\000\040\000j\000u\000s\000t\000\040\000u\000s\000e\000\040\000l\000i\000b\000r\000a\000r\000i\000e\000s\000,\000\040\000I\000\040\000d\000o\000n\000'\000t\000\040\000n\000e\000e\000d\000\040\000t\000o\000\040\000u\000n\000d\000e\000r\000s\000t\000a\000n\000d\000\040\000t\000h\000e\000\040\000m\000a\000t\000h\000'\000'}{section.3.8}% 71
\BOOKMARK [2][-]{subsection.3.8.2}{\376\377\000`\000`\000T\000h\000e\000\040\000m\000a\000t\000h\000\040\000i\000n\000\040\000p\000a\000p\000e\000r\000s\000\040\000i\000s\000\040\000t\000o\000o\000\040\000h\000a\000r\000d\000'\000'}{section.3.8}% 72
\BOOKMARK [2][-]{subsection.3.8.3}{\376\377\000`\000`\000I\000\040\000n\000e\000e\000d\000\040\000t\000o\000\040\000d\000e\000r\000i\000v\000e\000\040\000e\000v\000e\000r\000y\000t\000h\000i\000n\000g\000\040\000f\000r\000o\000m\000\040\000s\000c\000r\000a\000t\000c\000h\000'\000'}{section.3.8}% 73
\BOOKMARK [1][-]{section.3.9}{\376\377\000C\000o\000m\000m\000o\000n\000\040\000T\000r\000a\000p\000s}{chapter.3}% 74
\BOOKMARK [1][-]{section.3.10}{\376\377\000P\000r\000o\000d\000u\000c\000t\000i\000o\000n\000\040\000R\000e\000a\000l\000i\000t\000y\000\040\000C\000h\000e\000c\000k}{chapter.3}% 75
\BOOKMARK [1][-]{section.3.11}{\376\377\000B\000u\000i\000l\000d\000\040\000T\000h\000i\000s\000\040\000M\000i\000n\000i\000\040\000P\000r\000o\000j\000e\000c\000t}{chapter.3}% 76
\BOOKMARK [0][-]{chapter.4}{\376\377\000C\000l\000a\000s\000s\000i\000c\000a\000l\000\040\000M\000a\000c\000h\000i\000n\000e\000\040\000L\000e\000a\000r\000n\000i\000n\000g\000:\000\040\000T\000h\000i\000n\000k\000i\000n\000g\000\040\000i\000n\000\040\000F\000e\000a\000t\000u\000r\000e\000s}{}% 77
\BOOKMARK [1][-]{section.4.1}{\376\377\000T\000h\000e\000\040\000C\000r\000u\000x}{chapter.4}% 78
\BOOKMARK [1][-]{section.4.2}{\376\377\000W\000h\000y\000\040\000L\000i\000n\000e\000a\000r\000\040\000M\000o\000d\000e\000l\000s\000\040\000S\000t\000i\000l\000l\000\040\000D\000o\000m\000i\000n\000a\000t\000e\000\040\000I\000n\000d\000u\000s\000t\000r\000y}{chapter.4}% 79
\BOOKMARK [2][-]{subsection.4.2.1}{\376\377\000R\000e\000a\000s\000o\000n\000\040\000\043\0001\000:\000\040\000I\000n\000t\000e\000r\000p\000r\000e\000t\000a\000b\000i\000l\000i\000t\000y}{section.4.2}% 80
\BOOKMARK [2][-]{subsection.4.2.2}{\376\377\000R\000e\000a\000s\000o\000n\000\040\000\043\0002\000:\000\040\000S\000a\000m\000p\000l\000e\000\040\000E\000f\000f\000i\000c\000i\000e\000n\000c\000y}{section.4.2}% 81
\BOOKMARK [2][-]{subsection.4.2.3}{\376\377\000R\000e\000a\000s\000o\000n\000\040\000\043\0003\000:\000\040\000D\000e\000b\000u\000g\000g\000i\000n\000g}{section.4.2}% 82
\BOOKMARK [2][-]{subsection.4.2.4}{\376\377\000R\000e\000a\000s\000o\000n\000\040\000\043\0004\000:\000\040\000S\000p\000e\000e\000d}{section.4.2}% 83
\BOOKMARK [1][-]{section.4.3}{\376\377\000T\000h\000e\000\040\000C\000o\000r\000e\000\040\000I\000d\000e\000a\000:\000\040\000F\000e\000a\000t\000u\000r\000e\000s\000\040\000A\000r\000e\000\040\000E\000v\000e\000r\000y\000t\000h\000i\000n\000g}{chapter.4}% 84
\BOOKMARK [2][-]{subsection.4.3.1}{\376\377\000A\000n\000\040\000E\000x\000a\000m\000p\000l\000e}{section.4.3}% 85
\BOOKMARK [2][-]{subsection.4.3.2}{\376\377\000T\000h\000e\000\040\000D\000i\000r\000t\000y\000\040\000S\000e\000c\000r\000e\000t}{section.4.3}% 86
\BOOKMARK [1][-]{section.4.4}{\376\377\000B\000i\000a\000s\000-\000V\000a\000r\000i\000a\000n\000c\000e\000\040\000T\000r\000a\000d\000e\000o\000f\000f\000:\000\040\000T\000h\000e\000\040\000C\000e\000n\000t\000r\000a\000l\000\040\000D\000o\000g\000m\000a}{chapter.4}% 87
\BOOKMARK [2][-]{subsection.4.4.1}{\376\377\000T\000h\000e\000\040\000S\000e\000t\000u\000p}{section.4.4}% 88
\BOOKMARK [2][-]{subsection.4.4.2}{\376\377\000A\000n\000\040\000I\000n\000t\000u\000i\000t\000i\000o\000n}{section.4.4}% 89
\BOOKMARK [2][-]{subsection.4.4.3}{\376\377\000I\000n\000\040\000M\000L\000\040\000T\000e\000r\000m\000s}{section.4.4}% 90
\BOOKMARK [2][-]{subsection.4.4.4}{\376\377\000T\000h\000e\000\040\000T\000r\000a\000d\000e\000o\000f\000f}{section.4.4}% 91
\BOOKMARK [2][-]{subsection.4.4.5}{\376\377\000H\000o\000w\000\040\000t\000o\000\040\000B\000a\000l\000a\000n\000c\000e}{section.4.4}% 92
\BOOKMARK [1][-]{section.4.5}{\376\377\000R\000e\000g\000u\000l\000a\000r\000i\000z\000a\000t\000i\000o\000n\000:\000\040\000P\000u\000n\000i\000s\000h\000i\000n\000g\000\040\000C\000o\000m\000p\000l\000e\000x\000i\000t\000y}{chapter.4}% 93
\BOOKMARK [2][-]{subsection.4.5.1}{\376\377\000L\0002\000\040\000R\000e\000g\000u\000l\000a\000r\000i\000z\000a\000t\000i\000o\000n\000\040\000\050\000R\000i\000d\000g\000e\000\051}{section.4.5}% 94
\BOOKMARK [2][-]{subsection.4.5.2}{\376\377\000L\0001\000\040\000R\000e\000g\000u\000l\000a\000r\000i\000z\000a\000t\000i\000o\000n\000\040\000\050\000L\000a\000s\000s\000o\000\051}{section.4.5}% 95
\BOOKMARK [2][-]{subsection.4.5.3}{\376\377\000T\000h\000e\000\040\000\040\000P\000a\000r\000a\000m\000e\000t\000e\000r}{section.4.5}% 96
\BOOKMARK [2][-]{subsection.4.5.4}{\376\377\000T\000h\000e\000\040\000M\000a\000t\000h\000e\000m\000a\000t\000i\000c\000s\000\040\000o\000f\000\040\000R\000e\000g\000u\000l\000a\000r\000i\000z\000a\000t\000i\000o\000n\000:\000\040\000W\000h\000y\000\040\000I\000t\000\040\000W\000o\000r\000k\000s}{section.4.5}% 97
\BOOKMARK [1][-]{section.4.6}{\376\377\000O\000v\000e\000r\000f\000i\000t\000t\000i\000n\000g\000\040\000D\000i\000s\000a\000s\000t\000e\000r\000s\000\040\000i\000n\000\040\000R\000e\000a\000l\000\040\000S\000y\000s\000t\000e\000m\000s}{chapter.4}% 98
\BOOKMARK [2][-]{subsection.4.6.1}{\376\377\000W\000a\000r\000\040\000S\000t\000o\000r\000y\000:\000\040\000F\000e\000a\000t\000u\000r\000e\000\040\000L\000e\000a\000k\000a\000g\000e\000\040\000C\000a\000u\000s\000i\000n\000g\000\040\000F\000a\000k\000e\000\040\000A\000c\000c\000u\000r\000a\000c\000y}{section.4.6}% 99
\BOOKMARK [1][-]{section.4.7}{\376\377\000T\000h\000i\000n\000g\000s\000\040\000T\000h\000a\000t\000\040\000W\000i\000l\000l\000\040\000C\000o\000n\000f\000u\000s\000e\000\040\000Y\000o\000u}{chapter.4}% 100
\BOOKMARK [2][-]{subsection.4.7.1}{\376\377\000`\000`\000M\000y\000\040\000t\000e\000s\000t\000\040\000a\000c\000c\000u\000r\000a\000c\000y\000\040\000i\000s\000\040\0009\0009\000\045\000,\000\040\000s\000h\000i\000p\000\040\000i\000t\000!\000'\000'}{section.4.7}% 101
\BOOKMARK [2][-]{subsection.4.7.2}{\376\377\000`\000`\000M\000o\000r\000e\000\040\000f\000e\000a\000t\000u\000r\000e\000s\000\040\000i\000s\000\040\000a\000l\000w\000a\000y\000s\000\040\000b\000e\000t\000t\000e\000r\000'\000'}{section.4.7}% 102
\BOOKMARK [2][-]{subsection.4.7.3}{\376\377\000`\000`\000N\000e\000u\000r\000a\000l\000\040\000n\000e\000t\000w\000o\000r\000k\000s\000\040\000d\000o\000n\000'\000t\000\040\000n\000e\000e\000d\000\040\000f\000e\000a\000t\000u\000r\000e\000\040\000e\000n\000g\000i\000n\000e\000e\000r\000i\000n\000g\000'\000'}{section.4.7}% 103
\BOOKMARK [2][-]{subsection.4.7.4}{\376\377\000`\000`\000R\000e\000g\000u\000l\000a\000r\000i\000z\000a\000t\000i\000o\000n\000\040\000i\000s\000\040\000j\000u\000s\000t\000\040\000a\000\040\000t\000r\000i\000c\000k\000'\000'}{section.4.7}% 104
\BOOKMARK [1][-]{section.4.8}{\376\377\000C\000o\000m\000m\000o\000n\000\040\000T\000r\000a\000p\000s}{chapter.4}% 105
\BOOKMARK [1][-]{section.4.9}{\376\377\000P\000r\000o\000d\000u\000c\000t\000i\000o\000n\000\040\000R\000e\000a\000l\000i\000t\000y\000\040\000C\000h\000e\000c\000k}{chapter.4}% 106
\BOOKMARK [1][-]{section.4.10}{\376\377\000B\000u\000i\000l\000d\000\040\000T\000h\000i\000s\000\040\000M\000i\000n\000i\000\040\000P\000r\000o\000j\000e\000c\000t}{chapter.4}% 107
\BOOKMARK [1][-]{section.4.11}{\376\377\000S\000t\000a\000t\000i\000s\000t\000i\000c\000a\000l\000\040\000L\000e\000a\000r\000n\000i\000n\000g\000\040\000T\000h\000e\000o\000r\000y\000:\000\040\000W\000h\000y\000\040\000G\000e\000n\000e\000r\000a\000l\000i\000z\000a\000t\000i\000o\000n\000\040\000i\000s\000\040\000P\000o\000s\000s\000i\000b\000l\000e}{chapter.4}% 108
\BOOKMARK [2][-]{subsection.4.11.1}{\376\377\000T\000h\000e\000\040\000L\000e\000a\000r\000n\000i\000n\000g\000\040\000P\000r\000o\000b\000l\000e\000m\000\040\000\050\000F\000o\000r\000m\000a\000l\000l\000y\000\051}{section.4.11}% 109
\BOOKMARK [2][-]{subsection.4.11.2}{\376\377\000P\000A\000C\000\040\000L\000e\000a\000r\000n\000i\000n\000g\000:\000\040\000P\000r\000o\000b\000a\000b\000l\000y\000\040\000A\000p\000p\000r\000o\000x\000i\000m\000a\000t\000e\000l\000y\000\040\000C\000o\000r\000r\000e\000c\000t}{section.4.11}% 110
\BOOKMARK [2][-]{subsection.4.11.3}{\376\377\000V\000C\000\040\000D\000i\000m\000e\000n\000s\000i\000o\000n\000:\000\040\000M\000e\000a\000s\000u\000r\000i\000n\000g\000\040\000H\000y\000p\000o\000t\000h\000e\000s\000i\000s\000\040\000C\000l\000a\000s\000s\000\040\000C\000o\000m\000p\000l\000e\000x\000i\000t\000y}{section.4.11}% 111
\BOOKMARK [2][-]{subsection.4.11.4}{\376\377\000T\000h\000e\000\040\000B\000i\000a\000s\000-\000C\000o\000m\000p\000l\000e\000x\000i\000t\000y\000\040\000T\000r\000a\000d\000e\000o\000f\000f\000\040\000\050\000F\000o\000r\000m\000a\000l\000\040\000V\000e\000r\000s\000i\000o\000n\000\051}{section.4.11}% 112
\BOOKMARK [2][-]{subsection.4.11.5}{\376\377\000T\000h\000e\000\040\000C\000u\000r\000s\000e\000\040\000o\000f\000\040\000D\000i\000m\000e\000n\000s\000i\000o\000n\000a\000l\000i\000t\000y}{section.4.11}% 113
\BOOKMARK [2][-]{subsection.4.11.6}{\376\377\000N\000o\000\040\000F\000r\000e\000e\000\040\000L\000u\000n\000c\000h\000\040\000T\000h\000e\000o\000r\000e\000m}{section.4.11}% 114
\BOOKMARK [2][-]{subsection.4.11.7}{\376\377\000W\000h\000y\000\040\000D\000e\000e\000p\000\040\000L\000e\000a\000r\000n\000i\000n\000g\000\040\000B\000r\000e\000a\000k\000s\000\040\000C\000l\000a\000s\000s\000i\000c\000a\000l\000\040\000T\000h\000e\000o\000r\000y}{section.4.11}% 115
\BOOKMARK [2][-]{subsection.4.11.8}{\376\377\000S\000u\000m\000m\000a\000r\000y\000:\000\040\000W\000h\000e\000n\000\040\000a\000n\000d\000\040\000W\000h\000y\000\040\000G\000e\000n\000e\000r\000a\000l\000i\000z\000a\000t\000i\000o\000n\000\040\000W\000o\000r\000k\000s}{section.4.11}% 116
\BOOKMARK [0][-]{chapter.5}{\376\377\000N\000e\000u\000r\000a\000l\000\040\000N\000e\000t\000w\000o\000r\000k\000s\000:\000\040\000W\000h\000e\000n\000\040\000S\000i\000m\000p\000l\000i\000c\000i\000t\000y\000\040\000F\000a\000i\000l\000e\000d}{}% 117
\BOOKMARK [1][-]{section.5.1}{\376\377\000T\000h\000e\000\040\000C\000r\000u\000x}{chapter.5}% 118
\BOOKMARK [1][-]{section.5.2}{\376\377\000W\000h\000y\000\040\000D\000e\000e\000p\000\040\000L\000e\000a\000r\000n\000i\000n\000g\000\040\000W\000a\000s\000\040\000I\000n\000e\000v\000i\000t\000a\000b\000l\000e}{chapter.5}% 119
\BOOKMARK [2][-]{subsection.5.2.1}{\376\377\000T\000h\000e\000\040\000L\000i\000m\000i\000t\000s\000\040\000o\000f\000\040\000L\000i\000n\000e\000a\000r\000i\000t\000y}{section.5.2}% 120
\BOOKMARK [2][-]{subsection.5.2.2}{\376\377\000T\000h\000e\000\040\000N\000e\000u\000r\000a\000l\000\040\000N\000e\000t\000w\000o\000r\000k\000\040\000P\000r\000o\000m\000i\000s\000e}{section.5.2}% 121
\BOOKMARK [1][-]{section.5.3}{\376\377\000T\000h\000e\000\040\000U\000n\000i\000v\000e\000r\000s\000a\000l\000\040\000A\000p\000p\000r\000o\000x\000i\000m\000a\000t\000i\000o\000n\000\040\000T\000h\000e\000o\000r\000e\000m\000\040\000\050\000A\000n\000d\000\040\000W\000h\000y\000\040\000I\000t\000'\000s\000\040\000M\000i\000s\000l\000e\000a\000d\000i\000n\000g\000\051}{chapter.5}% 122
\BOOKMARK [2][-]{subsection.5.3.1}{\376\377\000A\000n\000\040\000A\000n\000a\000l\000o\000g\000y}{section.5.3}% 123
\BOOKMARK [1][-]{section.5.4}{\376\377\000W\000h\000y\000\040\000D\000e\000e\000p\000\040\000L\000e\000a\000r\000n\000i\000n\000g\000\040\000W\000o\000r\000k\000s\000:\000\040\000T\000h\000e\000\040\000F\000u\000n\000d\000a\000m\000e\000n\000t\000a\000l\000\040\000Q\000u\000e\000s\000t\000i\000o\000n\000s}{chapter.5}% 124
\BOOKMARK [2][-]{subsection.5.4.1}{\376\377\000Q\000u\000e\000s\000t\000i\000o\000n\000\040\0001\000:\000\040\000W\000h\000y\000\040\000C\000a\000n\000\040\000N\000e\000u\000r\000a\000l\000\040\000N\000e\000t\000w\000o\000r\000k\000s\000\040\000R\000e\000p\000r\000e\000s\000e\000n\000t\000\040\000C\000o\000m\000p\000l\000e\000x\000\040\000F\000u\000n\000c\000t\000i\000o\000n\000s\000?}{section.5.4}% 125
\BOOKMARK [2][-]{subsection.5.4.2}{\376\377\000Q\000u\000e\000s\000t\000i\000o\000n\000\040\0002\000:\000\040\000W\000h\000y\000\040\000D\000o\000e\000s\000\040\000D\000e\000p\000t\000h\000\040\000H\000e\000l\000p\000?}{section.5.4}% 126
\BOOKMARK [2][-]{subsection.5.4.3}{\376\377\000Q\000u\000e\000s\000t\000i\000o\000n\000\040\0003\000:\000\040\000W\000h\000y\000\040\000D\000o\000e\000s\000\040\000G\000r\000a\000d\000i\000e\000n\000t\000\040\000D\000e\000s\000c\000e\000n\000t\000\040\000F\000i\000n\000d\000\040\000G\000o\000o\000d\000\040\000S\000o\000l\000u\000t\000i\000o\000n\000s\000?}{section.5.4}% 127
\BOOKMARK [2][-]{subsection.5.4.4}{\376\377\000Q\000u\000e\000s\000t\000i\000o\000n\000\040\0004\000:\000\040\000W\000h\000y\000\040\000D\000o\000\040\000A\000l\000l\000\040\000L\000o\000c\000a\000l\000\040\000M\000i\000n\000i\000m\000a\000\040\000H\000a\000v\000e\000\040\000S\000i\000m\000i\000l\000a\000r\000\040\000L\000o\000s\000s\000?}{section.5.4}% 128
\BOOKMARK [2][-]{subsection.5.4.5}{\376\377\000Q\000u\000e\000s\000t\000i\000o\000n\000\040\0005\000:\000\040\000W\000h\000y\000\040\000D\000o\000e\000s\000\040\000O\000v\000e\000r\000p\000a\000r\000a\000m\000e\000t\000e\000r\000i\000z\000a\000t\000i\000o\000n\000\040\000H\000e\000l\000p\000?}{section.5.4}% 129
\BOOKMARK [2][-]{subsection.5.4.6}{\376\377\000Q\000u\000e\000s\000t\000i\000o\000n\000\040\0006\000:\000\040\000W\000h\000y\000\040\000T\000h\000e\000s\000e\000\040\000L\000o\000s\000s\000\040\000F\000u\000n\000c\000t\000i\000o\000n\000s\000?}{section.5.4}% 130
\BOOKMARK [2][-]{subsection.5.4.7}{\376\377\000Q\000u\000e\000s\000t\000i\000o\000n\000\040\0007\000:\000\040\000W\000h\000y\000\040\000D\000o\000\040\000W\000e\000\040\000N\000e\000e\000d\000\040\000N\000o\000n\000-\000L\000i\000n\000e\000a\000r\000\040\000A\000c\000t\000i\000v\000a\000t\000i\000o\000n\000s\000?}{section.5.4}% 131
\BOOKMARK [2][-]{subsection.5.4.8}{\376\377\000T\000h\000e\000\040\000F\000u\000n\000d\000a\000m\000e\000n\000t\000a\000l\000\040\000M\000y\000s\000t\000e\000r\000y\000:\000\040\000W\000h\000y\000\040\000D\000o\000e\000s\000\040\000t\000h\000e\000\040\000R\000e\000a\000l\000\040\000W\000o\000r\000l\000d\000\040\000H\000a\000v\000e\000\040\000S\000t\000r\000u\000c\000t\000u\000r\000e\000?}{section.5.4}% 132
\BOOKMARK [2][-]{subsection.5.4.9}{\376\377\000S\000u\000m\000m\000a\000r\000y\000:\000\040\000W\000h\000y\000\040\000D\000e\000e\000p\000\040\000L\000e\000a\000r\000n\000i\000n\000g\000\040\000W\000o\000r\000k\000s}{section.5.4}% 133
\BOOKMARK [1][-]{section.5.5}{\376\377\000W\000e\000i\000g\000h\000t\000\040\000I\000n\000i\000t\000i\000a\000l\000i\000z\000a\000t\000i\000o\000n\000\040\000T\000h\000e\000o\000r\000y\000:\000\040\000W\000h\000y\000\040\000R\000a\000n\000d\000o\000m\000\040\000M\000a\000t\000t\000e\000r\000s}{chapter.5}% 134
\BOOKMARK [2][-]{subsection.5.5.1}{\376\377\000T\000h\000e\000\040\000F\000u\000n\000d\000a\000m\000e\000n\000t\000a\000l\000\040\000P\000r\000o\000b\000l\000e\000m\000:\000\040\000S\000y\000m\000m\000e\000t\000r\000y\000\040\000B\000r\000e\000a\000k\000i\000n\000g}{section.5.5}% 135
\BOOKMARK [2][-]{subsection.5.5.2}{\376\377\000T\000h\000e\000\040\000E\000x\000p\000l\000o\000d\000i\000n\000g\000/\000V\000a\000n\000i\000s\000h\000i\000n\000g\000\040\000G\000r\000a\000d\000i\000e\000n\000t\000\040\000P\000r\000o\000b\000l\000e\000m}{section.5.5}% 136
\BOOKMARK [2][-]{subsection.5.5.3}{\376\377\000X\000a\000v\000i\000e\000r\000\040\000\050\000G\000l\000o\000r\000o\000t\000\051\000\040\000I\000n\000i\000t\000i\000a\000l\000i\000z\000a\000t\000i\000o\000n\000:\000\040\000T\000h\000e\000\040\000D\000e\000r\000i\000v\000a\000t\000i\000o\000n}{section.5.5}% 137
\BOOKMARK [2][-]{subsection.5.5.4}{\376\377\000H\000e\000\040\000I\000n\000i\000t\000i\000a\000l\000i\000z\000a\000t\000i\000o\000n\000:\000\040\000F\000i\000x\000i\000n\000g\000\040\000R\000e\000L\000U}{section.5.5}% 138
\BOOKMARK [2][-]{subsection.5.5.5}{\376\377\000M\000a\000t\000h\000e\000m\000a\000t\000i\000c\000a\000l\000\040\000P\000r\000o\000o\000f\000:\000\040\000V\000a\000r\000i\000a\000n\000c\000e\000\040\000P\000r\000o\000p\000a\000g\000a\000t\000i\000o\000n\000\040\000w\000i\000t\000h\000\040\000R\000e\000L\000U}{section.5.5}% 139
\BOOKMARK [2][-]{subsection.5.5.6}{\376\377\000W\000h\000y\000\040\000I\000n\000i\000t\000i\000a\000l\000i\000z\000a\000t\000i\000o\000n\000\040\000F\000a\000i\000l\000s\000:\000\040\000C\000o\000m\000m\000o\000n\000\040\000M\000i\000s\000t\000a\000k\000e\000s}{section.5.5}% 140
\BOOKMARK [2][-]{subsection.5.5.7}{\376\377\000E\000m\000p\000i\000r\000i\000c\000a\000l\000\040\000V\000a\000l\000i\000d\000a\000t\000i\000o\000n}{section.5.5}% 141
\BOOKMARK [2][-]{subsection.5.5.8}{\376\377\000W\000h\000e\000n\000\040\000t\000o\000\040\000U\000s\000e\000\040\000W\000h\000i\000c\000h\000\040\000I\000n\000i\000t\000i\000a\000l\000i\000z\000a\000t\000i\000o\000n}{section.5.5}% 142
\BOOKMARK [2][-]{subsection.5.5.9}{\376\377\000T\000h\000e\000\040\000D\000e\000e\000p\000e\000r\000\040\000P\000r\000i\000n\000c\000i\000p\000l\000e\000:\000\040\000I\000s\000o\000m\000e\000t\000r\000y}{section.5.5}% 143
\BOOKMARK [2][-]{subsection.5.5.10}{\376\377\000S\000u\000m\000m\000a\000r\000y\000:\000\040\000T\000h\000e\000\040\000M\000a\000t\000h\000\040\000B\000e\000h\000i\000n\000d\000\040\000I\000n\000i\000t\000i\000a\000l\000i\000z\000a\000t\000i\000o\000n}{section.5.5}% 144
\BOOKMARK [1][-]{section.5.6}{\376\377\000B\000a\000t\000c\000h\000\040\000N\000o\000r\000m\000a\000l\000i\000z\000a\000t\000i\000o\000n\000\040\000T\000h\000e\000o\000r\000y\000:\000\040\000S\000t\000a\000b\000i\000l\000i\000z\000i\000n\000g\000\040\000D\000e\000e\000p\000\040\000L\000e\000a\000r\000n\000i\000n\000g}{chapter.5}% 145
\BOOKMARK [2][-]{subsection.5.6.1}{\376\377\000T\000h\000e\000\040\000P\000r\000o\000b\000l\000e\000m\000:\000\040\000I\000n\000t\000e\000r\000n\000a\000l\000\040\000C\000o\000v\000a\000r\000i\000a\000t\000e\000\040\000S\000h\000i\000f\000t}{section.5.6}% 146
\BOOKMARK [2][-]{subsection.5.6.2}{\376\377\000B\000a\000t\000c\000h\000\040\000N\000o\000r\000m\000a\000l\000i\000z\000a\000t\000i\000o\000n\000:\000\040\000T\000h\000e\000\040\000A\000l\000g\000o\000r\000i\000t\000h\000m}{section.5.6}% 147
\BOOKMARK [2][-]{subsection.5.6.3}{\376\377\000M\000a\000t\000h\000e\000m\000a\000t\000i\000c\000a\000l\000\040\000A\000n\000a\000l\000y\000s\000i\000s\000:\000\040\000W\000h\000y\000\040\000B\000a\000t\000c\000h\000\040\000N\000o\000r\000m\000\040\000W\000o\000r\000k\000s}{section.5.6}% 148
\BOOKMARK [2][-]{subsection.5.6.4}{\376\377\000B\000a\000c\000k\000p\000r\000o\000p\000a\000g\000a\000t\000i\000o\000n\000\040\000T\000h\000r\000o\000u\000g\000h\000\040\000B\000a\000t\000c\000h\000\040\000N\000o\000r\000m\000a\000l\000i\000z\000a\000t\000i\000o\000n}{section.5.6}% 149
\BOOKMARK [2][-]{subsection.5.6.5}{\376\377\000B\000a\000t\000c\000h\000\040\000N\000o\000r\000m\000a\000l\000i\000z\000a\000t\000i\000o\000n\000\040\000a\000t\000\040\000I\000n\000f\000e\000r\000e\000n\000c\000e}{section.5.6}% 150
\BOOKMARK [2][-]{subsection.5.6.6}{\376\377\000W\000h\000e\000r\000e\000\040\000t\000o\000\040\000A\000p\000p\000l\000y\000\040\000B\000a\000t\000c\000h\000\040\000N\000o\000r\000m\000a\000l\000i\000z\000a\000t\000i\000o\000n}{section.5.6}% 151
\BOOKMARK [2][-]{subsection.5.6.7}{\376\377\000B\000a\000t\000c\000h\000\040\000N\000o\000r\000m\000a\000l\000i\000z\000a\000t\000i\000o\000n\000\040\000V\000a\000r\000i\000a\000n\000t\000s}{section.5.6}% 152
\BOOKMARK [2][-]{subsection.5.6.8}{\376\377\000W\000h\000y\000\040\000B\000a\000t\000c\000h\000\040\000N\000o\000r\000m\000a\000l\000i\000z\000a\000t\000i\000o\000n\000\040\000W\000o\000r\000k\000s\000:\000\040\000S\000u\000m\000m\000a\000r\000y}{section.5.6}% 153
\BOOKMARK [2][-]{subsection.5.6.9}{\376\377\000P\000r\000a\000c\000t\000i\000c\000a\000l\000\040\000C\000o\000n\000s\000i\000d\000e\000r\000a\000t\000i\000o\000n\000s}{section.5.6}% 154
\BOOKMARK [2][-]{subsection.5.6.10}{\376\377\000M\000a\000t\000h\000e\000m\000a\000t\000i\000c\000a\000l\000\040\000S\000u\000m\000m\000a\000r\000y}{section.5.6}% 155
\BOOKMARK [1][-]{section.5.7}{\376\377\000R\000e\000s\000i\000d\000u\000a\000l\000\040\000C\000o\000n\000n\000e\000c\000t\000i\000o\000n\000s\000\040\000T\000h\000e\000o\000r\000y\000:\000\040\000H\000i\000g\000h\000w\000a\000y\000\040\000t\000o\000\040\000D\000e\000e\000p\000\040\000N\000e\000t\000w\000o\000r\000k\000s}{chapter.5}% 156
\BOOKMARK [2][-]{subsection.5.7.1}{\376\377\000T\000h\000e\000\040\000P\000r\000o\000b\000l\000e\000m\000:\000\040\000D\000e\000g\000r\000a\000d\000a\000t\000i\000o\000n}{section.5.7}% 157
\BOOKMARK [2][-]{subsection.5.7.2}{\376\377\000R\000e\000s\000i\000d\000u\000a\000l\000\040\000L\000e\000a\000r\000n\000i\000n\000g\000:\000\040\000T\000h\000e\000\040\000S\000o\000l\000u\000t\000i\000o\000n}{section.5.7}% 158
\BOOKMARK [2][-]{subsection.5.7.3}{\376\377\000W\000h\000y\000\040\000R\000e\000s\000i\000d\000u\000a\000l\000\040\000C\000o\000n\000n\000e\000c\000t\000i\000o\000n\000s\000\040\000W\000o\000r\000k\000:\000\040\000M\000u\000l\000t\000i\000p\000l\000e\000\040\000P\000e\000r\000s\000p\000e\000c\000t\000i\000v\000e\000s}{section.5.7}% 159
\BOOKMARK [2][-]{subsection.5.7.4}{\376\377\000M\000a\000t\000h\000e\000m\000a\000t\000i\000c\000a\000l\000\040\000D\000e\000r\000i\000v\000a\000t\000i\000o\000n\000:\000\040\000G\000r\000a\000d\000i\000e\000n\000t\000\040\000P\000r\000o\000p\000a\000g\000a\000t\000i\000o\000n}{section.5.7}% 160
\BOOKMARK [2][-]{subsection.5.7.5}{\376\377\000V\000a\000r\000i\000a\000n\000t\000s\000\040\000a\000n\000d\000\040\000E\000x\000t\000e\000n\000s\000i\000o\000n\000s}{section.5.7}% 161
\BOOKMARK [2][-]{subsection.5.7.6}{\376\377\000W\000h\000y\000\040\000R\000e\000s\000i\000d\000u\000a\000l\000\040\000N\000e\000t\000w\000o\000r\000k\000s\000\040\000A\000c\000h\000i\000e\000v\000e\000\040\000S\000t\000a\000t\000e\000-\000o\000f\000-\000t\000h\000e\000-\000A\000r\000t}{section.5.7}% 162
\BOOKMARK [2][-]{subsection.5.7.7}{\376\377\000P\000r\000a\000c\000t\000i\000c\000a\000l\000\040\000C\000o\000n\000s\000i\000d\000e\000r\000a\000t\000i\000o\000n\000s}{section.5.7}% 163
\BOOKMARK [2][-]{subsection.5.7.8}{\376\377\000S\000u\000m\000m\000a\000r\000y\000:\000\040\000T\000h\000e\000\040\000M\000a\000t\000h\000e\000m\000a\000t\000i\000c\000s\000\040\000o\000f\000\040\000R\000e\000s\000i\000d\000u\000a\000l\000\040\000L\000e\000a\000r\000n\000i\000n\000g}{section.5.7}% 164
\BOOKMARK [1][-]{section.5.8}{\376\377\000B\000a\000c\000k\000p\000r\000o\000p\000a\000g\000a\000t\000i\000o\000n\000:\000\040\000T\000h\000e\000\040\000C\000o\000m\000p\000l\000e\000t\000e\000\040\000M\000a\000t\000h\000e\000m\000a\000t\000i\000c\000a\000l\000\040\000D\000e\000r\000i\000v\000a\000t\000i\000o\000n}{chapter.5}% 165
\BOOKMARK [2][-]{subsection.5.8.1}{\376\377\000T\000h\000e\000\040\000S\000e\000t\000u\000p\000:\000\040\000A\000\040\0002\000-\000L\000a\000y\000e\000r\000\040\000N\000e\000t\000w\000o\000r\000k}{section.5.8}% 166
\BOOKMARK [2][-]{subsection.5.8.2}{\376\377\000B\000a\000c\000k\000w\000a\000r\000d\000\040\000P\000a\000s\000s\000:\000\040\000D\000e\000r\000i\000v\000i\000n\000g\000\040\000G\000r\000a\000d\000i\000e\000n\000t\000s\000\040\000L\000a\000y\000e\000r\000\040\000b\000y\000\040\000L\000a\000y\000e\000r}{section.5.8}% 167
\BOOKMARK [2][-]{subsection.5.8.3}{\376\377\000S\000u\000m\000m\000a\000r\000y\000\040\000o\000f\000\040\000t\000h\000e\000\040\000A\000l\000g\000o\000r\000i\000t\000h\000m}{section.5.8}% 168
\BOOKMARK [2][-]{subsection.5.8.4}{\376\377\000C\000o\000m\000p\000u\000t\000a\000t\000i\000o\000n\000a\000l\000\040\000C\000o\000m\000p\000l\000e\000x\000i\000t\000y}{section.5.8}% 169
\BOOKMARK [2][-]{subsection.5.8.5}{\376\377\000G\000e\000n\000e\000r\000a\000l\000i\000z\000a\000t\000i\000o\000n\000\040\000t\000o\000\040\000D\000e\000e\000p\000\040\000N\000e\000t\000w\000o\000r\000k\000s}{section.5.8}% 170
\BOOKMARK [2][-]{subsection.5.8.6}{\376\377\000C\000o\000n\000n\000e\000c\000t\000i\000o\000n\000\040\000t\000o\000\040\000A\000u\000t\000o\000m\000a\000t\000i\000c\000\040\000D\000i\000f\000f\000e\000r\000e\000n\000t\000i\000a\000t\000i\000o\000n}{section.5.8}% 171
\BOOKMARK [2][-]{subsection.5.8.7}{\376\377\000W\000h\000y\000\040\000T\000h\000i\000s\000\040\000M\000a\000t\000t\000e\000r\000s}{section.5.8}% 172
\BOOKMARK [2][-]{subsection.5.8.8}{\376\377\000I\000m\000p\000l\000e\000m\000e\000n\000t\000a\000t\000i\000o\000n\000\040\000i\000n\000\040\000C\000o\000d\000e}{section.5.8}% 173
\BOOKMARK [1][-]{section.5.9}{\376\377\000T\000r\000a\000i\000n\000i\000n\000g\000\040\000I\000n\000s\000t\000a\000b\000i\000l\000i\000t\000y\000\040\000a\000n\000d\000\040\000D\000e\000b\000u\000g\000g\000i\000n\000g\000\040\000M\000o\000d\000e\000l\000s}{chapter.5}% 174
\BOOKMARK [2][-]{subsection.5.9.1}{\376\377\000P\000r\000o\000b\000l\000e\000m\000\040\000\043\0001\000:\000\040\000V\000a\000n\000i\000s\000h\000i\000n\000g\000/\000E\000x\000p\000l\000o\000d\000i\000n\000g\000\040\000G\000r\000a\000d\000i\000e\000n\000t\000s}{section.5.9}% 175
\BOOKMARK [2][-]{subsection.5.9.2}{\376\377\000P\000r\000o\000b\000l\000e\000m\000\040\000\043\0002\000:\000\040\000D\000e\000a\000d\000\040\000R\000e\000L\000U\000s}{section.5.9}% 176
\BOOKMARK [2][-]{subsection.5.9.3}{\376\377\000P\000r\000o\000b\000l\000e\000m\000\040\000\043\0003\000:\000\040\000L\000e\000a\000r\000n\000i\000n\000g\000\040\000R\000a\000t\000e\000\040\000H\000e\000l\000l}{section.5.9}% 177
\BOOKMARK [2][-]{subsection.5.9.4}{\376\377\000P\000r\000o\000b\000l\000e\000m\000\040\000\043\0004\000:\000\040\000O\000v\000e\000r\000f\000i\000t\000t\000i\000n\000g}{section.5.9}% 178
\BOOKMARK [2][-]{subsection.5.9.5}{\376\377\000P\000r\000o\000b\000l\000e\000m\000\040\000\043\0005\000:\000\040\000U\000n\000d\000e\000r\000f\000i\000t\000t\000i\000n\000g}{section.5.9}% 179
\BOOKMARK [1][-]{section.5.10}{\376\377\000W\000a\000r\000\040\000S\000t\000o\000r\000y\000:\000\040\000A\000\040\000N\000e\000u\000r\000a\000l\000\040\000N\000e\000t\000w\000o\000r\000k\000\040\000T\000h\000a\000t\000\040\000N\000e\000v\000e\000r\000\040\000L\000e\000a\000r\000n\000e\000d\040\024\000A\000n\000d\000\040\000W\000h\000y}{chapter.5}% 180
\BOOKMARK [1][-]{section.5.11}{\376\377\000T\000h\000i\000n\000g\000s\000\040\000T\000h\000a\000t\000\040\000W\000i\000l\000l\000\040\000C\000o\000n\000f\000u\000s\000e\000\040\000Y\000o\000u}{chapter.5}% 181
\BOOKMARK [2][-]{subsection.5.11.1}{\376\377\000`\000`\000J\000u\000s\000t\000\040\000a\000d\000d\000\040\000m\000o\000r\000e\000\040\000l\000a\000y\000e\000r\000s\000,\000\040\000i\000t\000'\000l\000l\000\040\000l\000e\000a\000r\000n\000\040\000b\000e\000t\000t\000e\000r\000'\000'}{section.5.11}% 182
\BOOKMARK [2][-]{subsection.5.11.2}{\376\377\000`\000`\000N\000e\000u\000r\000a\000l\000\040\000n\000e\000t\000w\000o\000r\000k\000s\000\040\000a\000r\000e\000\040\000b\000l\000a\000c\000k\000\040\000b\000o\000x\000e\000s\000,\000\040\000w\000e\000\040\000c\000a\000n\000'\000t\000\040\000u\000n\000d\000e\000r\000s\000t\000a\000n\000d\000\040\000t\000h\000e\000m\000'\000'}{section.5.11}% 183
\BOOKMARK [2][-]{subsection.5.11.3}{\376\377\000`\000`\000G\000P\000U\000s\000\040\000m\000a\000k\000e\000\040\000e\000v\000e\000r\000y\000t\000h\000i\000n\000g\000\040\000f\000a\000s\000t\000'\000'}{section.5.11}% 184
\BOOKMARK [2][-]{subsection.5.11.4}{\376\377\000`\000`\000T\000r\000a\000i\000n\000i\000n\000g\000\040\000l\000o\000s\000s\000\040\000g\000o\000i\000n\000g\000\040\000d\000o\000w\000n\000\040\000m\000e\000a\000n\000s\000\040\000i\000t\000'\000s\000\040\000w\000o\000r\000k\000i\000n\000g\000'\000'}{section.5.11}% 185
\BOOKMARK [1][-]{section.5.12}{\376\377\000C\000o\000m\000m\000o\000n\000\040\000T\000r\000a\000p\000s}{chapter.5}% 186
\BOOKMARK [1][-]{section.5.13}{\376\377\000P\000r\000o\000d\000u\000c\000t\000i\000o\000n\000\040\000R\000e\000a\000l\000i\000t\000y\000\040\000C\000h\000e\000c\000k}{chapter.5}% 187
\BOOKMARK [1][-]{section.5.14}{\376\377\000B\000u\000i\000l\000d\000\040\000T\000h\000i\000s\000\040\000M\000i\000n\000i\000\040\000P\000r\000o\000j\000e\000c\000t}{chapter.5}% 188
\BOOKMARK [0][-]{chapter.6}{\376\377\000T\000r\000a\000n\000s\000f\000o\000r\000m\000e\000r\000s\000\040\000\046\000\040\000L\000L\000M\000s\000:\000\040\000A\000t\000t\000e\000n\000t\000i\000o\000n\000\040\000C\000h\000a\000n\000g\000e\000d\000\040\000E\000v\000e\000r\000y\000t\000h\000i\000n\000g}{}% 189
\BOOKMARK [1][-]{section.6.1}{\376\377\000T\000h\000e\000\040\000C\000r\000u\000x}{chapter.6}% 190
\BOOKMARK [1][-]{section.6.2}{\376\377\000W\000h\000y\000\040\000A\000t\000t\000e\000n\000t\000i\000o\000n\000\040\000B\000e\000a\000t\000s\000\040\000R\000e\000c\000u\000r\000r\000e\000n\000c\000e}{chapter.6}% 191
\BOOKMARK [2][-]{subsection.6.2.1}{\376\377\000T\000h\000e\000\040\000R\000N\000N\000\040\000P\000r\000o\000b\000l\000e\000m}{section.6.2}% 192
\BOOKMARK [2][-]{subsection.6.2.2}{\376\377\000T\000h\000e\000\040\000A\000t\000t\000e\000n\000t\000i\000o\000n\000\040\000S\000o\000l\000u\000t\000i\000o\000n}{section.6.2}% 193
\BOOKMARK [2][-]{subsection.6.2.3}{\376\377\000W\000h\000y\000\040\000I\000t\000\040\000W\000i\000n\000s}{section.6.2}% 194
\BOOKMARK [1][-]{section.6.3}{\376\377\000T\000h\000e\000\040\000M\000a\000t\000h\000e\000m\000a\000t\000i\000c\000s\000\040\000o\000f\000\040\000A\000t\000t\000e\000n\000t\000i\000o\000n\000:\000\040\000A\000\040\000D\000e\000e\000p\000\040\000D\000i\000v\000e}{chapter.6}% 195
\BOOKMARK [2][-]{subsection.6.3.1}{\376\377\000S\000c\000a\000l\000e\000d\000\040\000D\000o\000t\000-\000P\000r\000o\000d\000u\000c\000t\000\040\000A\000t\000t\000e\000n\000t\000i\000o\000n\000:\000\040\000T\000h\000e\000\040\000F\000u\000l\000l\000\040\000D\000e\000r\000i\000v\000a\000t\000i\000o\000n}{section.6.3}% 196
\BOOKMARK [2][-]{subsection.6.3.2}{\376\377\000M\000u\000l\000t\000i\000-\000H\000e\000a\000d\000\040\000A\000t\000t\000e\000n\000t\000i\000o\000n\000:\000\040\000W\000h\000y\000\040\000M\000u\000l\000t\000i\000p\000l\000e\000\040\000H\000e\000a\000d\000s\000?}{section.6.3}% 197
\BOOKMARK [2][-]{subsection.6.3.3}{\376\377\000S\000e\000l\000f\000-\000A\000t\000t\000e\000n\000t\000i\000o\000n\000\040\000v\000s\000\040\000C\000r\000o\000s\000s\000-\000A\000t\000t\000e\000n\000t\000i\000o\000n}{section.6.3}% 198
\BOOKMARK [2][-]{subsection.6.3.4}{\376\377\000M\000a\000s\000k\000e\000d\000\040\000A\000t\000t\000e\000n\000t\000i\000o\000n\000:\000\040\000P\000r\000e\000v\000e\000n\000t\000i\000n\000g\000\040\000F\000u\000t\000u\000r\000e\000\040\000L\000e\000a\000k\000a\000g\000e}{section.6.3}% 199
\BOOKMARK [2][-]{subsection.6.3.5}{\376\377\000C\000o\000m\000p\000u\000t\000a\000t\000i\000o\000n\000a\000l\000\040\000C\000o\000m\000p\000l\000e\000x\000i\000t\000y\000\040\000A\000n\000a\000l\000y\000s\000i\000s}{section.6.3}% 200
\BOOKMARK [2][-]{subsection.6.3.6}{\376\377\000W\000h\000y\000\040\000A\000t\000t\000e\000n\000t\000i\000o\000n\000\040\000W\000o\000r\000k\000s\000:\000\040\000I\000n\000f\000o\000r\000m\000a\000t\000i\000o\000n\000-\000T\000h\000e\000o\000r\000e\000t\000i\000c\000\040\000V\000i\000e\000w}{section.6.3}% 201
\BOOKMARK [2][-]{subsection.6.3.7}{\376\377\000C\000o\000m\000p\000a\000r\000i\000s\000o\000n\000\040\000t\000o\000\040\000C\000o\000n\000v\000o\000l\000u\000t\000i\000o\000n}{section.6.3}% 202
\BOOKMARK [2][-]{subsection.6.3.8}{\376\377\000S\000u\000m\000m\000a\000r\000y\000:\000\040\000T\000h\000e\000\040\000C\000o\000m\000p\000l\000e\000t\000e\000\040\000A\000t\000t\000e\000n\000t\000i\000o\000n\000\040\000P\000i\000p\000e\000l\000i\000n\000e}{section.6.3}% 203
\BOOKMARK [1][-]{section.6.4}{\376\377\000W\000h\000a\000t\000\040\000E\000m\000b\000e\000d\000d\000i\000n\000g\000s\000\040\000R\000e\000a\000l\000l\000y\000\040\000R\000e\000p\000r\000e\000s\000e\000n\000t}{chapter.6}% 204
\BOOKMARK [2][-]{subsection.6.4.1}{\376\377\000T\000h\000e\000\040\000P\000r\000o\000b\000l\000e\000m\000:\000\040\000W\000o\000r\000d\000s\000\040\000A\000r\000e\000n\000'\000t\000\040\000N\000u\000m\000b\000e\000r\000s}{section.6.4}% 205
\BOOKMARK [2][-]{subsection.6.4.2}{\376\377\000H\000o\000w\000\040\000E\000m\000b\000e\000d\000d\000i\000n\000g\000s\000\040\000A\000r\000e\000\040\000L\000e\000a\000r\000n\000e\000d}{section.6.4}% 206
\BOOKMARK [2][-]{subsection.6.4.3}{\376\377\000W\000h\000a\000t\000\040\000D\000o\000\040\000T\000h\000e\000y\000\040\000C\000a\000p\000t\000u\000r\000e\000?}{section.6.4}% 207
\BOOKMARK [2][-]{subsection.6.4.4}{\376\377\000P\000o\000s\000i\000t\000i\000o\000n\000a\000l\000\040\000E\000m\000b\000e\000d\000d\000i\000n\000g\000s}{section.6.4}% 208
\BOOKMARK [2][-]{subsection.6.4.5}{\376\377\000P\000o\000s\000i\000t\000i\000o\000n\000a\000l\000\040\000E\000n\000c\000o\000d\000i\000n\000g\000\040\000T\000h\000e\000o\000r\000y\000:\000\040\000T\000e\000a\000c\000h\000i\000n\000g\000\040\000O\000r\000d\000e\000r\000\040\000t\000o\000\040\000T\000r\000a\000n\000s\000f\000o\000r\000m\000e\000r\000s}{section.6.4}% 209
\BOOKMARK [2][-]{subsection.6.4.6}{\376\377\000L\000a\000y\000e\000r\000\040\000N\000o\000r\000m\000a\000l\000i\000z\000a\000t\000i\000o\000n\000\040\000T\000h\000e\000o\000r\000y\000:\000\040\000W\000h\000y\000\040\000T\000r\000a\000n\000s\000f\000o\000r\000m\000e\000r\000s\000\040\000D\000o\000n\000'\000t\000\040\000U\000s\000e\000\040\000B\000a\000t\000c\000h\000\040\000N\000o\000r\000m}{section.6.4}% 210
\BOOKMARK [1][-]{section.6.5}{\376\377\000T\000r\000a\000n\000s\000f\000o\000r\000m\000e\000r\000s\000:\000\040\000T\000h\000e\000\040\000A\000r\000c\000h\000i\000t\000e\000c\000t\000u\000r\000e}{chapter.6}% 211
\BOOKMARK [2][-]{subsection.6.5.1}{\376\377\000E\000n\000c\000o\000d\000e\000r}{section.6.5}% 212
\BOOKMARK [2][-]{subsection.6.5.2}{\376\377\000D\000e\000c\000o\000d\000e\000r}{section.6.5}% 213
\BOOKMARK [2][-]{subsection.6.5.3}{\376\377\000D\000e\000c\000o\000d\000e\000r\000-\000O\000n\000l\000y\000\040\000T\000r\000a\000n\000s\000f\000o\000r\000m\000e\000r\000s\000\040\000\050\000G\000P\000T\000\051}{section.6.5}% 214
\BOOKMARK [1][-]{section.6.6}{\376\377\000W\000h\000y\000\040\000L\000L\000M\000s\000\040\000H\000a\000l\000l\000u\000c\000i\000n\000a\000t\000e}{chapter.6}% 215
\BOOKMARK [2][-]{subsection.6.6.1}{\376\377\000R\000e\000a\000s\000o\000n\000\040\000\043\0001\000:\000\040\000N\000o\000\040\000G\000r\000o\000u\000n\000d\000i\000n\000g\000\040\000i\000n\000\040\000T\000r\000u\000t\000h}{section.6.6}% 216
\BOOKMARK [2][-]{subsection.6.6.2}{\376\377\000R\000e\000a\000s\000o\000n\000\040\000\043\0002\000:\000\040\000M\000a\000x\000i\000m\000u\000m\000\040\000L\000i\000k\000e\000l\000i\000h\000o\000o\000d\000\040\000=\000\040\000F\000a\000c\000t\000u\000a\000l\000i\000t\000y}{section.6.6}% 217
\BOOKMARK [2][-]{subsection.6.6.3}{\376\377\000R\000e\000a\000s\000o\000n\000\040\000\043\0003\000:\000\040\000O\000v\000e\000r\000g\000e\000n\000e\000r\000a\000l\000i\000z\000a\000t\000i\000o\000n}{section.6.6}% 218
\BOOKMARK [2][-]{subsection.6.6.4}{\376\377\000R\000e\000a\000s\000o\000n\000\040\000\043\0004\000:\000\040\000N\000o\000\040\000U\000n\000c\000e\000r\000t\000a\000i\000n\000t\000y\000\040\000R\000e\000p\000r\000e\000s\000e\000n\000t\000a\000t\000i\000o\000n}{section.6.6}% 219
\BOOKMARK [2][-]{subsection.6.6.5}{\376\377\000C\000a\000n\000\040\000W\000e\000\040\000F\000i\000x\000\040\000I\000t\000?}{section.6.6}% 220
\BOOKMARK [1][-]{section.6.7}{\376\377\000W\000a\000r\000\040\000S\000t\000o\000r\000y\000:\000\040\000C\000o\000n\000f\000i\000d\000e\000n\000t\000\040\000W\000r\000o\000n\000g\000\040\000A\000n\000s\000w\000e\000r\000s\000\040\000i\000n\000\040\000P\000r\000o\000d\000u\000c\000t\000i\000o\000n}{chapter.6}% 221
\BOOKMARK [1][-]{section.6.8}{\376\377\000T\000h\000i\000n\000g\000s\000\040\000T\000h\000a\000t\000\040\000W\000i\000l\000l\000\040\000C\000o\000n\000f\000u\000s\000e\000\040\000Y\000o\000u}{chapter.6}% 222
\BOOKMARK [2][-]{subsection.6.8.1}{\376\377\000`\000`\000L\000L\000M\000s\000\040\000u\000n\000d\000e\000r\000s\000t\000a\000n\000d\000\040\000l\000a\000n\000g\000u\000a\000g\000e\000'\000'}{section.6.8}% 223
\BOOKMARK [2][-]{subsection.6.8.2}{\376\377\000`\000`\000M\000o\000r\000e\000\040\000p\000a\000r\000a\000m\000e\000t\000e\000r\000s\000\040\000=\000\040\000s\000m\000a\000r\000t\000e\000r\000'\000'}{section.6.8}% 224
\BOOKMARK [2][-]{subsection.6.8.3}{\376\377\000`\000`\000P\000r\000o\000m\000p\000t\000\040\000e\000n\000g\000i\000n\000e\000e\000r\000i\000n\000g\000\040\000i\000s\000\040\000t\000h\000e\000\040\000f\000u\000t\000u\000r\000e\000'\000'}{section.6.8}% 225
\BOOKMARK [2][-]{subsection.6.8.4}{\376\377\000`\000`\000L\000L\000M\000s\000\040\000w\000i\000l\000l\000\040\000r\000e\000p\000l\000a\000c\000e\000\040\000p\000r\000o\000g\000r\000a\000m\000m\000e\000r\000s\000'\000'}{section.6.8}% 226
\BOOKMARK [1][-]{section.6.9}{\376\377\000C\000o\000m\000m\000o\000n\000\040\000T\000r\000a\000p\000s}{chapter.6}% 227
\BOOKMARK [1][-]{section.6.10}{\376\377\000P\000r\000o\000d\000u\000c\000t\000i\000o\000n\000\040\000R\000e\000a\000l\000i\000t\000y\000\040\000C\000h\000e\000c\000k}{chapter.6}% 228
\BOOKMARK [1][-]{section.6.11}{\376\377\000B\000u\000i\000l\000d\000\040\000T\000h\000i\000s\000\040\000M\000i\000n\000i\000\040\000P\000r\000o\000j\000e\000c\000t}{chapter.6}% 229
\BOOKMARK [0][-]{chapter.7}{\376\377\000M\000o\000d\000e\000r\000n\000\040\000A\000I\000\040\000S\000y\000s\000t\000e\000m\000s\000:\000\040\000R\000A\000G\000,\000\040\000A\000g\000e\000n\000t\000s\000,\000\040\000a\000n\000d\000\040\000G\000l\000u\000e\000\040\000C\000o\000d\000e}{}% 230
\BOOKMARK [1][-]{section.7.1}{\376\377\000T\000h\000e\000\040\000C\000r\000u\000x}{chapter.7}% 231
\BOOKMARK [1][-]{section.7.2}{\376\377\000W\000h\000y\000\040\000M\000o\000d\000e\000l\000s\000\040\000A\000l\000o\000n\000e\000\040\000A\000r\000e\000\040\000U\000s\000e\000l\000e\000s\000s}{chapter.7}% 232
\BOOKMARK [1][-]{section.7.3}{\376\377\000R\000A\000G\000:\000\040\000R\000e\000t\000r\000i\000e\000v\000a\000l\000-\000A\000u\000g\000m\000e\000n\000t\000e\000d\000\040\000G\000e\000n\000e\000r\000a\000t\000i\000o\000n}{chapter.7}% 233
\BOOKMARK [2][-]{subsection.7.3.1}{\376\377\000T\000h\000e\000\040\000I\000d\000e\000a}{section.7.3}% 234
\BOOKMARK [2][-]{subsection.7.3.2}{\376\377\000W\000h\000y\000\040\000I\000t\000\040\000W\000o\000r\000k\000s}{section.7.3}% 235
\BOOKMARK [2][-]{subsection.7.3.3}{\376\377\000A\000r\000c\000h\000i\000t\000e\000c\000t\000u\000r\000e}{section.7.3}% 236
\BOOKMARK [2][-]{subsection.7.3.4}{\376\377\000W\000h\000e\000n\000\040\000t\000o\000\040\000U\000s\000e\000\040\000R\000A\000G\000\040\000v\000s\000\040\000F\000i\000n\000e\000-\000T\000u\000n\000i\000n\000g}{section.7.3}% 237
\BOOKMARK [1][-]{section.7.4}{\376\377\000A\000g\000e\000n\000t\000s\000:\000\040\000W\000h\000e\000n\000\040\000L\000L\000M\000s\000\040\000T\000a\000k\000e\000\040\000A\000c\000t\000i\000o\000n\000s}{chapter.7}% 238
\BOOKMARK [2][-]{subsection.7.4.1}{\376\377\000T\000h\000e\000\040\000B\000a\000s\000i\000c\000\040\000L\000o\000o\000p}{section.7.4}% 239
\BOOKMARK [2][-]{subsection.7.4.2}{\376\377\000E\000x\000a\000m\000p\000l\000e\000:\000\040\000R\000e\000s\000e\000a\000r\000c\000h\000\040\000A\000g\000e\000n\000t}{section.7.4}% 240
\BOOKMARK [2][-]{subsection.7.4.3}{\376\377\000W\000h\000y\000\040\000A\000g\000e\000n\000t\000s\000\040\000A\000r\000e\000\040\000H\000a\000r\000d}{section.7.4}% 241
\BOOKMARK [2][-]{subsection.7.4.4}{\376\377\000W\000h\000e\000n\000\040\000A\000g\000e\000n\000t\000s\000\040\000W\000o\000r\000k}{section.7.4}% 242
\BOOKMARK [1][-]{section.7.5}{\376\377\000W\000a\000r\000\040\000S\000t\000o\000r\000y\000:\000\040\000A\000n\000\040\000A\000g\000e\000n\000t\000\040\000T\000h\000a\000t\000\040\000T\000o\000o\000k\000\040\000t\000h\000e\000\040\000W\000r\000o\000n\000g\000\040\000A\000c\000t\000i\000o\000n}{chapter.7}% 243
\BOOKMARK [1][-]{section.7.6}{\376\377\000E\000v\000a\000l\000u\000a\000t\000i\000o\000n\000\040\000I\000s\000\040\000H\000a\000r\000d\000e\000r\000\040\000T\000h\000a\000n\000\040\000T\000r\000a\000i\000n\000i\000n\000g}{chapter.7}% 244
\BOOKMARK [2][-]{subsection.7.6.1}{\376\377\000W\000h\000y\000\040\000E\000v\000a\000l\000u\000a\000t\000i\000o\000n\000\040\000I\000s\000\040\000H\000a\000r\000d}{section.7.6}% 245
\BOOKMARK [2][-]{subsection.7.6.2}{\376\377\000H\000o\000w\000\040\000t\000o\000\040\000E\000v\000a\000l\000u\000a\000t\000e\000\040\000P\000r\000o\000p\000e\000r\000l\000y}{section.7.6}% 246
\BOOKMARK [1][-]{section.7.7}{\376\377\000T\000h\000i\000n\000g\000s\000\040\000T\000h\000a\000t\000\040\000W\000i\000l\000l\000\040\000C\000o\000n\000f\000u\000s\000e\000\040\000Y\000o\000u}{chapter.7}% 247
\BOOKMARK [2][-]{subsection.7.7.1}{\376\377\000`\000`\000M\000y\000\040\000m\000o\000d\000e\000l\000\040\000h\000a\000s\000\040\0009\0005\000\045\000\040\000a\000c\000c\000u\000r\000a\000c\000y\000,\000\040\000i\000t\000'\000s\000\040\000p\000r\000o\000d\000u\000c\000t\000i\000o\000n\000-\000r\000e\000a\000d\000y\000'\000'}{section.7.7}% 248
\BOOKMARK [2][-]{subsection.7.7.2}{\376\377\000`\000`\000R\000A\000G\000\040\000f\000i\000x\000e\000s\000\040\000h\000a\000l\000l\000u\000c\000i\000n\000a\000t\000i\000o\000n\000s\000'\000'}{section.7.7}% 249
\BOOKMARK [2][-]{subsection.7.7.3}{\376\377\000`\000`\000A\000g\000e\000n\000t\000s\000\040\000a\000r\000e\000\040\000a\000u\000t\000o\000n\000o\000m\000o\000u\000s\000'\000'}{section.7.7}% 250
\BOOKMARK [2][-]{subsection.7.7.4}{\376\377\000`\000`\000F\000i\000n\000e\000-\000t\000u\000n\000i\000n\000g\000\040\000i\000s\000\040\000b\000e\000t\000t\000e\000r\000\040\000t\000h\000a\000n\000\040\000p\000r\000o\000m\000p\000t\000i\000n\000g\000'\000'}{section.7.7}% 251
\BOOKMARK [1][-]{section.7.8}{\376\377\000C\000o\000m\000m\000o\000n\000\040\000T\000r\000a\000p\000s}{chapter.7}% 252
\BOOKMARK [1][-]{section.7.9}{\376\377\000P\000r\000o\000d\000u\000c\000t\000i\000o\000n\000\040\000R\000e\000a\000l\000i\000t\000y\000\040\000C\000h\000e\000c\000k}{chapter.7}% 253
\BOOKMARK [1][-]{section.7.10}{\376\377\000B\000u\000i\000l\000d\000\040\000T\000h\000i\000s\000\040\000M\000i\000n\000i\000\040\000P\000r\000o\000j\000e\000c\000t}{chapter.7}% 254
\BOOKMARK [0][-]{chapter.8}{\376\377\000B\000u\000i\000l\000d\000i\000n\000g\000\040\000A\000I\000\040\000T\000h\000a\000t\000\040\000S\000u\000r\000v\000i\000v\000e\000s\000\040\000R\000e\000a\000l\000i\000t\000y}{}% 255
\BOOKMARK [1][-]{section.8.1}{\376\377\000T\000h\000e\000\040\000C\000r\000u\000x}{chapter.8}% 256
\BOOKMARK [1][-]{section.8.2}{\376\377\000M\000o\000n\000i\000t\000o\000r\000i\000n\000g\000\040\000M\000o\000d\000e\000l\000\040\000D\000r\000i\000f\000t}{chapter.8}% 257
\BOOKMARK [2][-]{subsection.8.2.1}{\376\377\000D\000a\000t\000a\000\040\000D\000r\000i\000f\000t}{section.8.2}% 258
\BOOKMARK [2][-]{subsection.8.2.2}{\376\377\000C\000o\000n\000c\000e\000p\000t\000\040\000D\000r\000i\000f\000t}{section.8.2}% 259
\BOOKMARK [2][-]{subsection.8.2.3}{\376\377\000L\000a\000b\000e\000l\000\040\000D\000r\000i\000f\000t}{section.8.2}% 260
\BOOKMARK [1][-]{section.8.3}{\376\377\000H\000o\000w\000\040\000t\000o\000\040\000M\000o\000n\000i\000t\000o\000r}{chapter.8}% 261
\BOOKMARK [2][-]{subsection.8.3.1}{\376\377\0001\000.\000\040\000L\000o\000g\000\040\000E\000v\000e\000r\000y\000t\000h\000i\000n\000g}{section.8.3}% 262
\BOOKMARK [2][-]{subsection.8.3.2}{\376\377\0002\000.\000\040\000D\000a\000s\000h\000b\000o\000a\000r\000d\000s}{section.8.3}% 263
\BOOKMARK [2][-]{subsection.8.3.3}{\376\377\0003\000.\000\040\000A\000l\000e\000r\000t\000s}{section.8.3}% 264
\BOOKMARK [2][-]{subsection.8.3.4}{\376\377\0004\000.\000\040\000P\000e\000r\000i\000o\000d\000i\000c\000\040\000R\000e\000t\000r\000a\000i\000n\000i\000n\000g}{section.8.3}% 265
\BOOKMARK [2][-]{subsection.8.3.5}{\376\377\000C\000o\000m\000p\000l\000e\000t\000e\000\040\000E\000x\000a\000m\000p\000l\000e\000:\000\040\000D\000e\000t\000e\000c\000t\000i\000n\000g\000\040\000a\000n\000d\000\040\000H\000a\000n\000d\000l\000i\000n\000g\000\040\000M\000o\000d\000e\000l\000\040\000D\000r\000i\000f\000t}{section.8.3}% 266
\BOOKMARK [1][-]{section.8.4}{\376\377\000C\000o\000s\000t\000\040\000v\000s\000\040\000A\000c\000c\000u\000r\000a\000c\000y\000\040\000T\000r\000a\000d\000e\000o\000f\000f\000s}{chapter.8}% 267
\BOOKMARK [2][-]{subsection.8.4.1}{\376\377\000T\000h\000e\000\040\000C\000o\000s\000t\000\040\000E\000q\000u\000a\000t\000i\000o\000n}{section.8.4}% 268
\BOOKMARK [2][-]{subsection.8.4.2}{\376\377\000R\000e\000d\000u\000c\000i\000n\000g\000\040\000I\000n\000f\000e\000r\000e\000n\000c\000e\000\040\000C\000o\000s\000t}{section.8.4}% 269
\BOOKMARK [2][-]{subsection.8.4.3}{\376\377\000W\000h\000e\000n\000\040\000A\000c\000c\000u\000r\000a\000c\000y\000\040\000M\000a\000t\000t\000e\000r\000s\000\040\000M\000o\000r\000e}{section.8.4}% 270
\BOOKMARK [1][-]{section.8.5}{\376\377\000W\000h\000e\000n\000\040\000N\000O\000T\000\040\000t\000o\000\040\000U\000s\000e\000\040\000A\000I}{chapter.8}% 271
\BOOKMARK [2][-]{subsection.8.5.1}{\376\377\000A\000I\000\040\000I\000s\000\040\000N\000o\000t\000\040\000A\000l\000w\000a\000y\000s\000\040\000t\000h\000e\000\040\000A\000n\000s\000w\000e\000r}{section.8.5}% 272
\BOOKMARK [2][-]{subsection.8.5.2}{\376\377\000E\000x\000a\000m\000p\000l\000e\000s\000:\000\040\000W\000h\000e\000n\000\040\000N\000O\000T\000\040\000t\000o\000\040\000U\000s\000e\000\040\000A\000I}{section.8.5}% 273
\BOOKMARK [2][-]{subsection.8.5.3}{\376\377\000T\000h\000e\000\040\000C\000h\000e\000c\000k\000l\000i\000s\000t}{section.8.5}% 274
\BOOKMARK [1][-]{section.8.6}{\376\377\000W\000a\000r\000\040\000S\000t\000o\000r\000y\000:\000\040\000D\000e\000l\000e\000t\000i\000n\000g\000\040\000a\000n\000\040\000A\000I\000\040\000F\000e\000a\000t\000u\000r\000e\000\040\000S\000a\000v\000e\000d\000\040\000t\000h\000e\000\040\000P\000r\000o\000d\000u\000c\000t}{chapter.8}% 275
\BOOKMARK [1][-]{section.8.7}{\376\377\000T\000h\000i\000n\000g\000s\000\040\000T\000h\000a\000t\000\040\000W\000i\000l\000l\000\040\000C\000o\000n\000f\000u\000s\000e\000\040\000Y\000o\000u}{chapter.8}% 276
\BOOKMARK [2][-]{subsection.8.7.1}{\376\377\000`\000`\000W\000e\000\040\000n\000e\000e\000d\000\040\000A\000I\000\040\000t\000o\000\040\000s\000t\000a\000y\000\040\000c\000o\000m\000p\000e\000t\000i\000t\000i\000v\000e\000'\000'}{section.8.7}% 277
\BOOKMARK [2][-]{subsection.8.7.2}{\376\377\000`\000`\000O\000n\000c\000e\000\040\000w\000e\000\040\000d\000e\000p\000l\000o\000y\000,\000\040\000w\000e\000'\000r\000e\000\040\000d\000o\000n\000e\000'\000'}{section.8.7}% 278
\BOOKMARK [2][-]{subsection.8.7.3}{\376\377\000`\000`\000A\000I\000\040\000w\000i\000l\000l\000\040\000g\000e\000t\000\040\000b\000e\000t\000t\000e\000r\000\040\000o\000v\000e\000r\000\040\000t\000i\000m\000e\000\040\000a\000u\000t\000o\000m\000a\000t\000i\000c\000a\000l\000l\000y\000'\000'}{section.8.7}% 279
\BOOKMARK [1][-]{section.8.8}{\376\377\000C\000o\000m\000m\000o\000n\000\040\000T\000r\000a\000p\000s}{chapter.8}% 280
\BOOKMARK [1][-]{section.8.9}{\376\377\000P\000r\000o\000d\000u\000c\000t\000i\000o\000n\000\040\000R\000e\000a\000l\000i\000t\000y\000\040\000C\000h\000e\000c\000k}{chapter.8}% 281
\BOOKMARK [1][-]{section.8.10}{\376\377\000B\000u\000i\000l\000d\000\040\000T\000h\000i\000s\000\040\000M\000i\000n\000i\000\040\000P\000r\000o\000j\000e\000c\000t}{chapter.8}% 282
\BOOKMARK [0][-]{appendix.A}{\376\377\000C\000o\000m\000m\000o\000n\000\040\000T\000r\000a\000p\000s\000\040\000\050\000M\000a\000s\000t\000e\000r\000\040\000L\000i\000s\000t\000\051}{}% 283
\BOOKMARK [1][-]{section.A.1}{\376\377\000C\000h\000a\000p\000t\000e\000r\000\040\0000\000:\000\040\000W\000h\000a\000t\000\040\000A\000I\000\040\000A\000c\000t\000u\000a\000l\000l\000y\000\040\000I\000s}{appendix.A}% 284
\BOOKMARK [1][-]{section.A.2}{\376\377\000C\000h\000a\000p\000t\000e\000r\000\040\0001\000:\000\040\000P\000y\000t\000h\000o\000n\000\040\000\046\000\040\000D\000a\000t\000a}{appendix.A}% 285
\BOOKMARK [1][-]{section.A.3}{\376\377\000C\000h\000a\000p\000t\000e\000r\000\040\0002\000:\000\040\000M\000a\000t\000h\000\040\000Y\000o\000u\000\040\000C\000a\000n\000'\000t\000\040\000E\000s\000c\000a\000p\000e}{appendix.A}% 286
\BOOKMARK [1][-]{section.A.4}{\376\377\000C\000h\000a\000p\000t\000e\000r\000\040\0003\000:\000\040\000C\000l\000a\000s\000s\000i\000c\000a\000l\000\040\000M\000L}{appendix.A}% 287
\BOOKMARK [1][-]{section.A.5}{\376\377\000C\000h\000a\000p\000t\000e\000r\000\040\0004\000:\000\040\000N\000e\000u\000r\000a\000l\000\040\000N\000e\000t\000w\000o\000r\000k\000s}{appendix.A}% 288
\BOOKMARK [1][-]{section.A.6}{\376\377\000C\000h\000a\000p\000t\000e\000r\000\040\0005\000:\000\040\000T\000r\000a\000n\000s\000f\000o\000r\000m\000e\000r\000s\000\040\000\046\000\040\000L\000L\000M\000s}{appendix.A}% 289
\BOOKMARK [1][-]{section.A.7}{\376\377\000C\000h\000a\000p\000t\000e\000r\000\040\0006\000:\000\040\000M\000o\000d\000e\000r\000n\000\040\000A\000I\000\040\000S\000y\000s\000t\000e\000m\000s}{appendix.A}% 290
\BOOKMARK [1][-]{section.A.8}{\376\377\000C\000h\000a\000p\000t\000e\000r\000\040\0007\000:\000\040\000P\000r\000o\000d\000u\000c\000t\000i\000o\000n\000\040\000A\000I}{appendix.A}% 291
\BOOKMARK [0][-]{appendix*.39}{\376\377\000F\000i\000n\000a\000l\000\040\000T\000h\000o\000u\000g\000h\000t\000s}{}% 292
